<?xml version="1.0" encoding="UTF-8"?>
<!-- Generated by org.testng.reporters.JUnitXMLReporter -->
<testsuite ignored="0" hostname="DESKTOP-FOGQMIV" failures="0" tests="3" name="Default test" time="11.617" errors="0" timestamp="2022-07-30T22:49:58 EDT">
  <testcase classname="com.app.uiTest.UITestExample" name="clickSubmitButtonWithValues" time="8.398"/>
  <testcase classname="com.app.uiTest.UITestExample" name="featuresareimportant" time="1.574"/>
  <testcase classname="com.app.uiTest.UITestExample" name="submitbuttondisabled" time="1.609"/>
</testsuite> <!-- Default test -->
