<?xml version="1.0" encoding="UTF-8"?>
<testng-results ignored="0" total="3" passed="3" failed="0" skipped="0">
  <reporter-output>
  </reporter-output>
  <suite started-at="2022-07-30T22:49:46 EDT" name="Default suite" finished-at="2022-07-30T22:49:58 EDT" duration-ms="11617">
    <groups>
    </groups>
    <test started-at="2022-07-30T22:49:46 EDT" name="Default test" finished-at="2022-07-30T22:49:58 EDT" duration-ms="11617">
      <class name="com.app.uiTest.UITestExample">
        <test-method signature="clickSubmitButtonWithValues()[pri:0, instance:com.app.uiTest.UITestExample@2c767a52]" started-at="2022-07-30T22:49:46 EDT" name="clickSubmitButtonWithValues" finished-at="2022-07-30T22:49:55 EDT" duration-ms="8398" status="PASS">
          <reporter-output>
          </reporter-output>
        </test-method> <!-- clickSubmitButtonWithValues -->
        <test-method signature="featuresareimportant()[pri:0, instance:com.app.uiTest.UITestExample@2c767a52]" started-at="2022-07-30T22:49:55 EDT" name="featuresareimportant" finished-at="2022-07-30T22:49:56 EDT" duration-ms="1574" status="PASS">
          <reporter-output>
          </reporter-output>
        </test-method> <!-- featuresareimportant -->
        <test-method signature="submitbuttondisabled()[pri:0, instance:com.app.uiTest.UITestExample@2c767a52]" started-at="2022-07-30T22:49:56 EDT" name="submitbuttondisabled" finished-at="2022-07-30T22:49:58 EDT" duration-ms="1609" status="PASS">
          <reporter-output>
          </reporter-output>
        </test-method> <!-- submitbuttondisabled -->
      </class> <!-- com.app.uiTest.UITestExample -->
    </test> <!-- Default test -->
  </suite> <!-- Default suite -->
</testng-results>
